[debug] [2023-02-05T12:14:17.938Z] ----------------------------------------------------------------------
[debug] [2023-02-05T12:14:17.940Z] Command:       C:\Program Files (x86)\nodejs\node.exe C:\Users\user\AppData\Roaming\npm\node_modules\firebase-tools\lib\bin\firebase.js init
[debug] [2023-02-05T12:14:17.941Z] CLI Version:   11.22.0
[debug] [2023-02-05T12:14:17.941Z] Platform:      win32
[debug] [2023-02-05T12:14:17.941Z] Node Version:  v18.13.0
[debug] [2023-02-05T12:14:17.942Z] Time:          Sun Feb 05 2023 17:44:17 GMT+0530 (India Standard Time)
[debug] [2023-02-05T12:14:17.943Z] ----------------------------------------------------------------------
[debug] 
[debug] [2023-02-05T12:14:17.950Z] > command requires scopes: ["email","openid","https://www.googleapis.com/auth/cloudplatformprojects.readonly","https://www.googleapis.com/auth/firebase","https://www.googleapis.com/auth/cloud-platform"]
[debug] [2023-02-05T12:14:17.951Z] > authorizing via signed-in user (rajryan02215@gmail.com)
[info] 
     ######## #### ########  ######## ########     ###     ######  ########
     ##        ##  ##     ## ##       ##     ##  ##   ##  ##       ##
     ######    ##  ########  ######   ########  #########  ######  ######
     ##        ##  ##    ##  ##       ##     ## ##     ##       ## ##
     ##       #### ##     ## ######## ########  ##     ##  ######  ########

You're about to initialize a Firebase project in this directory:

  C:\Users\user\netflixandchill

[info] 
=== Project Setup
[info] 
[info] First, let's associate this project directory with a Firebase project.
[info] You can create multiple project aliases by running firebase use --add, 
[info] but for now we'll just set up a default project.
[info] 
[debug] [2023-02-05T12:14:30.607Z] >>> [apiv2][query] GET https://firebase.googleapis.com/v1beta1/projects pageSize=100
[debug] [2023-02-05T12:14:31.778Z] <<< [apiv2][status] GET https://firebase.googleapis.com/v1beta1/projects 200
[debug] [2023-02-05T12:14:31.779Z] <<< [apiv2][body] GET https://firebase.googleapis.com/v1beta1/projects [omitted]
[info] i  Using project netflix-clone-d129b (netflix clone) 
[debug] [2023-02-05T12:14:37.290Z] Error: EBUSY: resource busy or locked, rename 'C:\Users\user\.config\configstore\firebase-tools.json.2598376620' -> 'C:\Users\user\.config\configstore\firebase-tools.json'
    at Object.renameSync (node:fs:1039:3)
    at Function.writeFileSync [as sync] (C:\Users\user\AppData\Roaming\npm\node_modules\firebase-tools\node_modules\write-file-atomic\index.js:244:8)
    at set all [as all] (C:\Users\user\AppData\Roaming\npm\node_modules\firebase-tools\node_modules\configstore\index.js:61:20)
    at Configstore.set (C:\Users\user\AppData\Roaming\npm\node_modules\firebase-tools\node_modules\configstore\index.js:91:12)
    at Object.makeActiveProject (C:\Users\user\AppData\Roaming\npm\node_modules\firebase-tools\lib\utils.js:183:31)
    at doSetup (C:\Users\user\AppData\Roaming\npm\node_modules\firebase-tools\lib\init\features\project.js:99:11)
    at process.processTicksAndRejections (node:internal/process/task_queues:95:5)
    at async init (C:\Users\user\AppData\Roaming\npm\node_modules\firebase-tools\lib\init\index.js:36:9)
[error] 
[error] Error: An unexpected error has occurred.
[debug] [2023-02-05T12:14:52.618Z] ----------------------------------------------------------------------
[debug] [2023-02-05T12:14:52.622Z] Command:       C:\Program Files (x86)\nodejs\node.exe C:\Users\user\AppData\Roaming\npm\node_modules\firebase-tools\lib\bin\firebase.js init
[debug] [2023-02-05T12:14:52.623Z] CLI Version:   11.22.0
[debug] [2023-02-05T12:14:52.623Z] Platform:      win32
[debug] [2023-02-05T12:14:52.624Z] Node Version:  v18.13.0
[debug] [2023-02-05T12:14:52.625Z] Time:          Sun Feb 05 2023 17:44:52 GMT+0530 (India Standard Time)
[debug] [2023-02-05T12:14:52.625Z] ----------------------------------------------------------------------
[debug] 
[debug] [2023-02-05T12:14:52.638Z] > command requires scopes: ["email","openid","https://www.googleapis.com/auth/cloudplatformprojects.readonly","https://www.googleapis.com/auth/firebase","https://www.googleapis.com/auth/cloud-platform"]
[debug] [2023-02-05T12:14:52.638Z] > authorizing via signed-in user (rajryan02215@gmail.com)
[info] 
     ######## #### ########  ######## ########     ###     ######  ########
     ##        ##  ##     ## ##       ##     ##  ##   ##  ##       ##
     ######    ##  ########  ######   ########  #########  ######  ######
     ##        ##  ##    ##  ##       ##     ## ##     ##       ## ##
     ##       #### ##     ## ######## ########  ##     ##  ######  ########

You're about to initialize a Firebase project in this directory:

  C:\Users\user\netflixandchill

[info] 
=== Project Setup
[info] 
[info] First, let's associate this project directory with a Firebase project.
[info] You can create multiple project aliases by running firebase use --add, 
[info] but for now we'll just set up a default project.
[info] 
[debug] [2023-02-05T12:15:07.964Z] >>> [apiv2][query] GET https://firebase.googleapis.com/v1beta1/projects pageSize=100
[debug] [2023-02-05T12:15:09.021Z] <<< [apiv2][status] GET https://firebase.googleapis.com/v1beta1/projects 200
[debug] [2023-02-05T12:15:09.021Z] <<< [apiv2][body] GET https://firebase.googleapis.com/v1beta1/projects [omitted]
[info] i  Using project netflix-clone-d129b (netflix clone) 
[debug] [2023-02-05T12:15:11.986Z] Error: EBUSY: resource busy or locked, rename 'C:\Users\user\.config\configstore\firebase-tools.json.3360472425' -> 'C:\Users\user\.config\configstore\firebase-tools.json'
    at Object.renameSync (node:fs:1039:3)
    at Function.writeFileSync [as sync] (C:\Users\user\AppData\Roaming\npm\node_modules\firebase-tools\node_modules\write-file-atomic\index.js:244:8)
    at set all [as all] (C:\Users\user\AppData\Roaming\npm\node_modules\firebase-tools\node_modules\configstore\index.js:61:20)
    at Configstore.set (C:\Users\user\AppData\Roaming\npm\node_modules\firebase-tools\node_modules\configstore\index.js:91:12)
    at Object.makeActiveProject (C:\Users\user\AppData\Roaming\npm\node_modules\firebase-tools\lib\utils.js:183:31)
    at doSetup (C:\Users\user\AppData\Roaming\npm\node_modules\firebase-tools\lib\init\features\project.js:99:11)
    at process.processTicksAndRejections (node:internal/process/task_queues:95:5)
    at async init (C:\Users\user\AppData\Roaming\npm\node_modules\firebase-tools\lib\init\index.js:36:9)
[error] 
[error] Error: An unexpected error has occurred.
